<?xml version="1.0" encoding="UTF-8"?>
<testsuite xmlns:xsi="http://www.w3.org/2001/XMLSchema-instance" xsi:noNamespaceSchemaLocation="https://maven.apache.org/surefire/maven-surefire-plugin/xsd/surefire-test-report-3.0.xsd" version="3.0" name="aim.server.ServerApplicationTests" time="9.001" tests="1" errors="0" skipped="0" failures="0">
  <properties>
[...]
</properties>
  <testcase name="contextLoads" classname="aim.server.ServerApplicationTests" time="1.54">
    <system-out><![CDATA[Standard Commons Logging discovery in action with spring-jcl: please remove commons-logging.jar from classpath in order to avoid potential conflicts
10:35:09.199 [main] INFO org.springframework.test.context.support.AnnotationConfigContextLoaderUtils -- Could not detect default configuration classes for test class [aim.server.ServerApplicationTests]: ServerApplicationTests does not declare any static, non-private, non-final, nested classes annotated with @Configuration.
10:35:09.501 [main] INFO org.springframework.boot.test.context.SpringBootTestContextBootstrapper -- Found @SpringBootConfiguration aim.server.ServerApplication for test class aim.server.ServerApplicationTests
10:35:10.046 [main] INFO org.springframework.boot.devtools.restart.RestartApplicationListener -- Restart disabled due to context in which it is running

  .   ____          _            __ _ _
 /\\ / ___'_ __ _ _(_)_ __  __ _ \ \ \ \
( ( )\___ | '_ | '_| | '_ \/ _` | \ \ \ \
 \\/  ___)| |_)| | | | | || (_| |  ) ) ) )
  '  |____| .__|_| |_|_| |_\__, | / / / /
 =========|_|==============|___/=/_/_/_/
 :: Spring Boot ::                (v3.1.5)

2023-12-21T10:35:11.119+08:00  INFO 10124 --- [           main] aim.server.ServerApplicationTests        : Starting ServerApplicationTests using Java 21.0.1 with PID 10124 (started by mboquiren in C:\Users\mboquiren\Desktop\aim-webdev-prototype\server)
2023-12-21T10:35:11.121+08:00  INFO 10124 --- [           main] aim.server.ServerApplicationTests        : No active profile set, falling back to 1 default profile: "default"
2023-12-21T10:35:14.860+08:00  INFO 10124 --- [           main] o.s.s.web.DefaultSecurityFilterChain     : Will secure any request with [org.springframework.security.web.session.DisableEncodeUrlFilter@15639d09, org.springframework.security.web.context.request.async.WebAsyncManagerIntegrationFilter@4fba8eec, org.springframework.security.web.context.SecurityContextHolderFilter@3d2f3dcb, org.springframework.security.web.header.HeaderWriterFilter@4a058df8, org.springframework.security.web.authentication.logout.LogoutFilter@31acfd4e, aim.server.config.JwtAuthenticationFilter@52bd9a27, org.springframework.security.web.savedrequest.RequestCacheAwareFilter@30c19bff, org.springframework.security.web.servletapi.SecurityContextHolderAwareRequestFilter@ab2e6d2, org.springframework.security.web.authentication.AnonymousAuthenticationFilter@611e5819, org.springframework.security.web.session.SessionManagementFilter@108e9837, org.springframework.security.web.access.ExceptionTranslationFilter@63fd4dda, org.springframework.security.web.access.intercept.AuthorizationFilter@7455dacb]
2023-12-21T10:35:16.052+08:00  INFO 10124 --- [           main] aim.server.ServerApplicationTests        : Started ServerApplicationTests in 6.043 seconds (process running for 9.171)
]]></system-out>
    <system-err><![CDATA[WARNING: A Java agent has been loaded dynamically (C:\Users\mboquiren\.m2\repository\net\bytebuddy\byte-buddy-agent\1.14.9\byte-buddy-agent-1.14.9.jar)
WARNING: If a serviceability tool is in use, please run with -XX:+EnableDynamicAgentLoading to hide this warning
WARNING: If a serviceability tool is not in use, please run with -Djdk.instrument.traceUsage for more information
WARNING: Dynamic loading of agents will be disallowed by default in a future release
]]></system-err>
  </testcase>
</testsuite>